# JRE version: OpenJDK Runtime Environment Temurin-11.0.14.1+1 (11.0.14.1+1) (build 11.0.14.1+1)
# Java VM: OpenJDK 64-Bit Server VM Temurin-11.0.14.1+1 (11.0.14.1+1, mixed mode, tiered, compressed oops, g1 gc, windows-amd64)
Heap:
 garbage-first heap   total 403456K, used 113341K [0x0000000080000000, 0x0000000100000000)
  region size 1024K, 12 young (12288K), 12 survivors (12288K)
 Metaspace       used 78556K, capacity 81769K, committed 81836K, reserved 1120256K
  class space    used 9565K, capacity 10707K, committed 10752K, reserved 1048576K
GC Heap History (20 events):
Event: 26.552 GC heap after
{Heap after GC invocations=21 (full 0):
 garbage-first heap   total 227328K, used 65930K [0x0000000080000000, 0x0000000100000000)
  region size 1024K, 2 young (2048K), 2 survivors (2048K)
 Metaspace       used 77268K, capacity 80358K, committed 80556K, reserved 1120256K
  class space    used 9501K, capacity 10631K, committed 10752K, reserved 1048576K
}
Event: 26.822 GC heap before
{Heap before GC invocations=21 (full 0):
 garbage-first heap   total 227328K, used 167306K [0x0000000080000000, 0x0000000100000000)
  region size 1024K, 101 young (103424K), 2 survivors (2048K)
 Metaspace       used 77268K, capacity 80358K, committed 80556K, reserved 1120256K
  class space    used 9501K, capacity 10631K, committed 10752K, reserved 1048576K
}
Event: 26.842 GC heap after
{Heap after GC invocations=22 (full 0):
 garbage-first heap   total 227328K, used 66868K [0x0000000080000000, 0x0000000100000000)
  region size 1024K, 3 young (3072K), 3 survivors (3072K)
 Metaspace       used 77268K, capacity 80358K, committed 80556K, reserved 1120256K
  class space    used 9501K, capacity 10631K, committed 10752K, reserved 1048576K
}
Event: 28.668 GC heap before
{Heap before GC invocations=22 (full 0):
 garbage-first heap   total 227328K, used 171316K [0x0000000080000000, 0x0000000100000000)
  region size 1024K, 105 young (107520K), 3 survivors (3072K)
 Metaspace       used 77276K, capacity 80362K, committed 80556K, reserved 1120256K
  class space    used 9502K, capacity 10632K, committed 10752K, reserved 1048576K
}
Event: 28.733 GC heap after
{Heap after GC invocations=23 (full 0):
 garbage-first heap   total 227328K, used 83457K [0x0000000080000000, 0x0000000100000000)
  region size 1024K, 14 young (14336K), 14 survivors (14336K)
 Metaspace       used 77276K, capacity 80362K, committed 80556K, reserved 1120256K
  class space    used 9502K, capacity 10632K, committed 10752K, reserved 1048576K
}
Event: 29.014 GC heap before
{Heap before GC invocations=23 (full 0):
 garbage-first heap   total 227328K, used 173569K [0x0000000080000000, 0x0000000100000000)
  region size 1024K, 102 young (104448K), 14 survivors (14336K)
 Metaspace       used 77276K, capacity 80362K, committed 80556K, reserved 1120256K
  class space    used 9502K, capacity 10632K, committed 10752K, reserved 1048576K
}
Event: 29.071 GC heap after
{Heap after GC invocations=24 (full 0):
 garbage-first heap   total 227328K, used 85270K [0x0000000080000000, 0x0000000100000000)
  region size 1024K, 2 young (2048K), 2 survivors (2048K)
 Metaspace       used 77276K, capacity 80362K, committed 80556K, reserved 1120256K
  class space    used 9502K, capacity 10632K, committed 10752K, reserved 1048576K
}
Event: 29.300 GC heap before
{Heap before GC invocations=24 (full 0):
 garbage-first heap   total 227328K, used 176406K [0x0000000080000000, 0x0000000100000000)
  region size 1024K, 91 young (93184K), 2 survivors (2048K)
 Metaspace       used 77276K, capacity 80362K, committed 80556K, reserved 1120256K
  class space    used 9502K, capacity 10632K, committed 10752K, reserved 1048576K
}
Event: 29.315 GC heap after
{Heap after GC invocations=25 (full 0):
 garbage-first heap   total 281600K, used 85456K [0x0000000080000000, 0x0000000100000000)
  region size 1024K, 2 young (2048K), 2 survivors (2048K)
 Metaspace       used 77276K, capacity 80362K, committed 80556K, reserved 1120256K
  class space    used 9502K, capacity 10632K, committed 10752K, reserved 1048576K
}
Event: 29.659 GC heap before
{Heap before GC invocations=25 (full 0):
 garbage-first heap   total 281600K, used 202192K [0x0000000080000000, 0x0000000100000000)
  region size 1024K, 116 young (118784K), 2 survivors (2048K)
 Metaspace       used 77276K, capacity 80362K, committed 80556K, reserved 1120256K
  class space    used 9502K, capacity 10632K, committed 10752K, reserved 1048576K
}
Event: 29.676 GC heap after
{Heap after GC invocations=26 (full 0):
 garbage-first heap   total 281600K, used 86375K [0x0000000080000000, 0x0000000100000000)
  region size 1024K, 3 young (3072K), 3 survivors (3072K)
 Metaspace       used 77276K, capacity 80362K, committed 80556K, reserved 1120256K
  class space    used 9502K, capacity 10632K, committed 10752K, reserved 1048576K
}
Event: 30.752 GC heap before
{Heap before GC invocations=26 (full 0):
 garbage-first heap   total 281600K, used 208231K [0x0000000080000000, 0x0000000100000000)
  region size 1024K, 122 young (124928K), 3 survivors (3072K)
 Metaspace       used 77666K, capacity 80823K, committed 81068K, reserved 1120256K
  class space    used 9551K, capacity 10694K, committed 10752K, reserved 1048576K
}
Event: 30.783 GC heap after
{Heap after GC invocations=27 (full 0):
 garbage-first heap   total 281600K, used 88523K [0x0000000080000000, 0x0000000100000000)
  region size 1024K, 5 young (5120K), 5 survivors (5120K)
 Metaspace       used 77666K, capacity 80823K, committed 81068K, reserved 1120256K
  class space    used 9551K, capacity 10694K, committed 10752K, reserved 1048576K
}
Event: 33.420 GC heap before
{Heap before GC invocations=27 (full 0):
 garbage-first heap   total 281600K, used 215499K [0x0000000080000000, 0x0000000100000000)
  region size 1024K, 129 young (132096K), 5 survivors (5120K)
 Metaspace       used 78213K, capacity 81391K, committed 81580K, reserved 1120256K
  class space    used 9557K, capacity 10703K, committed 10752K, reserved 1048576K
}
Event: 33.479 GC heap after
{Heap after GC invocations=28 (full 0):
 garbage-first heap   total 281600K, used 101142K [0x0000000080000000, 0x0000000100000000)
  region size 1024K, 17 young (17408K), 17 survivors (17408K)
 Metaspace       used 78213K, capacity 81391K, committed 81580K, reserved 1120256K
  class space    used 9557K, capacity 10703K, committed 10752K, reserved 1048576K
}
Event: 33.887 GC heap before
{Heap before GC invocations=28 (full 0):
 garbage-first heap   total 281600K, used 220950K [0x0000000080000000, 0x0000000100000000)
  region size 1024K, 134 young (137216K), 17 survivors (17408K)
 Metaspace       used 78215K, capacity 81391K, committed 81580K, reserved 1120256K
  class space    used 9557K, capacity 10703K, committed 10752K, reserved 1048576K
}
Event: 33.954 GC heap after
{Heap after GC invocations=29 (full 0):
 garbage-first heap   total 281600K, used 104637K [0x0000000080000000, 0x0000000100000000)
  region size 1024K, 4 young (4096K), 4 survivors (4096K)
 Metaspace       used 78215K, capacity 81391K, committed 81580K, reserved 1120256K
  class space    used 9557K, capacity 10703K, committed 10752K, reserved 1048576K
}
Event: 34.484 GC heap before
{Heap before GC invocations=29 (full 0):
 garbage-first heap   total 281600K, used 224445K [0x0000000080000000, 0x0000000100000000)
  region size 1024K, 121 young (123904K), 4 survivors (4096K)
 Metaspace       used 78216K, capacity 81391K, committed 81580K, reserved 1120256K
  class space    used 9557K, capacity 10703K, committed 10752K, reserved 1048576K
}
Event: 34.510 GC heap after
{Heap after GC invocations=30 (full 0):
 garbage-first heap   total 281600K, used 108221K [0x0000000080000000, 0x0000000100000000)
  region size 1024K, 7 young (7168K), 7 survivors (7168K)
 Metaspace       used 78216K, capacity 81391K, committed 81580K, reserved 1120256K
  class space    used 9557K, capacity 10703K, committed 10752K, reserved 1048576K
}
Event: 36.014 GC heap before
{Heap before GC invocations=30 (full 0):
 garbage-first heap   total 281600K, used 228029K [0x0000000080000000, 0x0000000100000000)
  region size 1024K, 124 young (126976K), 7 survivors (7168K)
 Metaspace       used 78556K, capacity 81769K, committed 81836K, reserved 1120256K
  class space    used 9565K, capacity 10707K, committed 10752K, reserved 1048576K
}

